Iterations        : 25000
Resolution        : 1024
Algorithm         : 1 (Red-Black)
Num. Heat sources : 2
   1: (0.00, 0.00) 1.00 2.50 
   2: (0.50, 1.00) 1.00 2.50 
Time: 107.558 (288.358 GFlop => 2680.95 MFlop/s)
Convergence to residual=0.000181: 25000 iterations
Iterations        : 25000
Resolution        : 1024
Algorithm         : 1 (Red-Black)
Num. Heat sources : 2
   1: (0.00, 0.00) 1.00 2.50 
   2: (0.50, 1.00) 1.00 2.50 
Time: 54.030 (288.358 GFlop => 5336.99 MFlop/s)
Convergence to residual=0.000181: 25000 iterations
Iterations        : 25000
Resolution        : 1024
Algorithm         : 1 (Red-Black)
Num. Heat sources : 2
   1: (0.00, 0.00) 1.00 2.50 
   2: (0.50, 1.00) 1.00 2.50 
Time: 53.776 (288.358 GFlop => 5362.24 MFlop/s)
Convergence to residual=0.000181: 25000 iterations
Iterations        : 25000
Resolution        : 1024
Algorithm         : 1 (Red-Black)
Num. Heat sources : 2
   1: (0.00, 0.00) 1.00 2.50 
   2: (0.50, 1.00) 1.00 2.50 
Time: 27.243 (288.358 GFlop => 10584.56 MFlop/s)
Convergence to residual=0.000181: 25000 iterations
Iterations        : 25000
Resolution        : 1024
Algorithm         : 1 (Red-Black)
Num. Heat sources : 2
   1: (0.00, 0.00) 1.00 2.50 
   2: (0.50, 1.00) 1.00 2.50 
Time: 27.228 (288.358 GFlop => 10590.33 MFlop/s)
Convergence to residual=0.000181: 25000 iterations
Iterations        : 25000
Resolution        : 1024
Algorithm         : 1 (Red-Black)
Num. Heat sources : 2
   1: (0.00, 0.00) 1.00 2.50 
   2: (0.50, 1.00) 1.00 2.50 
Time: 27.353 (288.358 GFlop => 10542.17 MFlop/s)
Convergence to residual=0.000181: 25000 iterations
